<?xml version="1.0" encoding="UTF-8"?>
<!-- Generated by org.testng.reporters.JUnitReportReporter -->
<testsuite hostname="LTIN206013" failures="0" tests="10" name="testNG.MainTestng" time="76.967" errors="0" timestamp="2024-02-28T16:12:12 IST" skipped="0">
  <testcase classname="testNG.MainTestng" name="Searching_Bookshelves" time="5.623"/>
  <system-out/>
  <testcase classname="testNG.MainTestng" name="Apply_Slider" time="13.323"/>
  <system-out/>
  <testcase classname="testNG.MainTestng" name="Exclude_and_Sort" time="6.465"/>
  <system-out/>
  <testcase classname="testNG.MainTestng" name="Print_Submenu_items_and_productinfo" time="9.675"/>
  <system-out/>
  <testcase classname="testNG.MainTestng" name="Go_To_GiftCardsSection" time="15.007"/>
  <system-out/>
  <testcase classname="testNG.MainTestng" name="Enter_Amount" time="3.981"/>
  <system-out/>
  <testcase classname="testNG.MainTestng" name="Fill_Form_with_Invalid_info" time="4.283"/>
  <system-out/>
  <testcase classname="testNG.MainTestng" name="Capture_ErrorMessage" time="0.087"/>
  <system-out/>
  <testcase classname="testNG.MainTestng" name="Fill_Form_with_Valid_data" time="3.696"/>
  <system-out/>
  <testcase classname="testNG.MainTestng" name="Validate_Entered_Details" time="14.827"/>
  <system-out/>
</testsuite> <!-- testNG.MainTestng -->
